<?xml version="1.0" encoding="UTF-8"?>
<!-- Generated by org.testng.reporters.JUnitReportReporter -->
<testsuite hostname="MAA-5CG026283S" failures="0" tests="2" name="CreateNew.Oppurtunity" time="64.538" errors="0" timestamp="2021-04-18T17:57:56 IST" skipped="0">
  <testcase classname="CreateNew.Oppurtunity" name="Newopp" time="34.964"/>
  <system-out/>
  <testcase classname="CreateNew.Oppurtunity" name="Newopp" time="29.574"/>
  <system-out/>
</testsuite> <!-- CreateNew.Oppurtunity -->
